{"D:\\W\\garnishment\\garnishment\\src\\app\\employee\\EmployeeFormComponent.js": {"path":"D:\\W\\garnishment\\garnishment\\src\\app\\employee\\EmployeeFormComponent.js","statementMap":{"0":{"start":{"line":5,"column":27},"end":{"line":17,"column":1}},"1":{"start":{"line":6,"column":61},"end":{"line":6,"column":66}},"2":{"start":{"line":7,"column":1},"end":{"line":16,"column":2}},"3":{"start":{"line":21,"column":2},"end":{"line":21,"column":22}},"4":{"start":{"line":22,"column":2},"end":{"line":27,"column":4}},"5":{"start":{"line":23,"column":3},"end":{"line":23,"column":21}},"6":{"start":{"line":24,"column":3},"end":{"line":24,"column":18}},"7":{"start":{"line":26,"column":3},"end":{"line":26,"column":35}},"8":{"start":{"line":32,"column":2},"end":{"line":42,"column":3}},"9":{"start":{"line":35,"column":61},"end":{"line":35,"column":81}}},"fnMap":{"0":{"name":"(anonymous_0)","decl":{"start":{"line":5,"column":27},"end":{"line":5,"column":28}},"loc":{"start":{"line":5,"column":36},"end":{"line":17,"column":1}},"line":5},"1":{"name":"(anonymous_1)","decl":{"start":{"line":20,"column":1},"end":{"line":20,"column":2}},"loc":{"start":{"line":20,"column":18},"end":{"line":28,"column":2}},"line":20},"2":{"name":"(anonymous_2)","decl":{"start":{"line":22,"column":40},"end":{"line":22,"column":41}},"loc":{"start":{"line":22,"column":52},"end":{"line":25,"column":3}},"line":22},"3":{"name":"(anonymous_3)","decl":{"start":{"line":25,"column":11},"end":{"line":25,"column":12}},"loc":{"start":{"line":25,"column":20},"end":{"line":27,"column":3}},"line":25},"4":{"name":"(anonymous_4)","decl":{"start":{"line":30,"column":1},"end":{"line":30,"column":2}},"loc":{"start":{"line":30,"column":10},"end":{"line":43,"column":2}},"line":30},"5":{"name":"(anonymous_5)","decl":{"start":{"line":35,"column":52},"end":{"line":35,"column":53}},"loc":{"start":{"line":35,"column":61},"end":{"line":35,"column":81}},"line":35}},"branchMap":{"0":{"loc":{"start":{"line":12,"column":3},"end":{"line":14,"column":39}},"type":"binary-expr","locations":[{"start":{"line":12,"column":3},"end":{"line":12,"column":10}},{"start":{"line":13,"column":5},"end":{"line":13,"column":10}},{"start":{"line":13,"column":14},"end":{"line":13,"column":34}},{"start":{"line":14,"column":4},"end":{"line":14,"column":11}},{"start":{"line":14,"column":15},"end":{"line":14,"column":37}}],"line":12}},"s":{"0":1,"1":3,"2":3,"3":0,"4":0,"5":0,"6":0,"7":0,"8":1,"9":0},"f":{"0":3,"1":0,"2":0,"3":0,"4":1,"5":0},"b":{"0":[3,0,0,0,0]},"_coverageSchema":"332fd63041d2c1bcb487cc26dd0d5f7d97098a6c","hash":"24208636e4ce43b5f600d9a9cdb84b4dd9ac7fb7"}
,"D:\\W\\garnishment\\garnishment\\src\\app\\employee\\EmployeeFormContainer.js": {"path":"D:\\W\\garnishment\\garnishment\\src\\app\\employee\\EmployeeFormContainer.js","statementMap":{"0":{"start":{"line":8,"column":24},"end":{"line":8,"column":36}},"1":{"start":{"line":10,"column":27},"end":{"line":18,"column":24}},"2":{"start":{"line":20,"column":20},"end":{"line":20,"column":67}},"3":{"start":{"line":20,"column":42},"end":{"line":20,"column":67}},"4":{"start":{"line":21,"column":24},"end":{"line":21,"column":28}},"5":{"start":{"line":22,"column":27},"end":{"line":39,"column":1}},"6":{"start":{"line":23,"column":1},"end":{"line":38,"column":2}},"7":{"start":{"line":29,"column":3},"end":{"line":29,"column":44}},"8":{"start":{"line":30,"column":3},"end":{"line":36,"column":5}},"9":{"start":{"line":31,"column":4},"end":{"line":35,"column":12}},"10":{"start":{"line":32,"column":5},"end":{"line":32,"column":64}},"11":{"start":{"line":33,"column":5},"end":{"line":33,"column":46}},"12":{"start":{"line":34,"column":5},"end":{"line":34,"column":14}},"13":{"start":{"line":40,"column":0},"end":{"line":42,"column":1}},"14":{"start":{"line":40,"column":8},"end":{"line":42,"column":1}},"15":{"start":{"line":41,"column":1},"end":{"line":41,"column":26}},"16":{"start":{"line":51,"column":0},"end":{"line":51,"column":89}}},"fnMap":{"0":{"name":"(anonymous_0)","decl":{"start":{"line":20,"column":20},"end":{"line":20,"column":21}},"loc":{"start":{"line":20,"column":42},"end":{"line":20,"column":67}},"line":20},"1":{"name":"(anonymous_1)","decl":{"start":{"line":22,"column":27},"end":{"line":22,"column":28}},"loc":{"start":{"line":22,"column":39},"end":{"line":39,"column":1}},"line":22},"2":{"name":"(anonymous_2)","decl":{"start":{"line":28,"column":10},"end":{"line":28,"column":11}},"loc":{"start":{"line":28,"column":31},"end":{"line":37,"column":3}},"line":28},"3":{"name":"(anonymous_3)","decl":{"start":{"line":30,"column":22},"end":{"line":30,"column":23}},"loc":{"start":{"line":30,"column":33},"end":{"line":36,"column":4}},"line":30},"4":{"name":"(anonymous_4)","decl":{"start":{"line":31,"column":15},"end":{"line":31,"column":16}},"loc":{"start":{"line":31,"column":21},"end":{"line":35,"column":5}},"line":31},"5":{"name":"(anonymous_5)","decl":{"start":{"line":40,"column":8},"end":{"line":40,"column":9}},"loc":{"start":{"line":40,"column":29},"end":{"line":42,"column":1}},"line":40}},"branchMap":{},"s":{"0":1,"1":1,"2":1,"3":0,"4":1,"5":1,"6":1,"7":0,"8":0,"9":0,"10":0,"11":0,"12":0,"13":1,"14":1,"15":0,"16":1},"f":{"0":0,"1":1,"2":0,"3":0,"4":0,"5":0},"b":{},"_coverageSchema":"332fd63041d2c1bcb487cc26dd0d5f7d97098a6c","hash":"295dfe2404084bedc945513cf65f59ed9ed72074"}
,"D:\\W\\garnishment\\garnishment\\src\\app\\employee\\EmployeeListContainer.jsx": {"path":"D:\\W\\garnishment\\garnishment\\src\\app\\employee\\EmployeeListContainer.jsx","statementMap":{"0":{"start":{"line":7,"column":8},"end":{"line":7,"column":21}},"1":{"start":{"line":10,"column":8},"end":{"line":12,"column":9}},"2":{"start":{"line":11,"column":10},"end":{"line":11,"column":39}},"3":{"start":{"line":13,"column":8},"end":{"line":29,"column":10}},"4":{"start":{"line":33,"column":4},"end":{"line":35,"column":5}}},"fnMap":{"0":{"name":"(anonymous_0)","decl":{"start":{"line":6,"column":4},"end":{"line":6,"column":5}},"loc":{"start":{"line":6,"column":22},"end":{"line":8,"column":5}},"line":6},"1":{"name":"(anonymous_1)","decl":{"start":{"line":9,"column":4},"end":{"line":9,"column":5}},"loc":{"start":{"line":9,"column":12},"end":{"line":30,"column":5}},"line":9},"2":{"name":"mapStateToProps","decl":{"start":{"line":32,"column":9},"end":{"line":32,"column":24}},"loc":{"start":{"line":32,"column":32},"end":{"line":36,"column":1}},"line":32}},"branchMap":{"0":{"loc":{"start":{"line":10,"column":8},"end":{"line":12,"column":9}},"type":"if","locations":[{"start":{"line":10,"column":8},"end":{"line":12,"column":9}},{"start":{"line":10,"column":8},"end":{"line":12,"column":9}}],"line":10}},"s":{"0":2,"1":2,"2":1,"3":1,"4":2},"f":{"0":2,"1":2,"2":2},"b":{"0":[1,1]},"_coverageSchema":"332fd63041d2c1bcb487cc26dd0d5f7d97098a6c","hash":"4d0a30b12e8e2bd1cf1369ef96a8dd468445a814"}
,"D:\\W\\garnishment\\garnishment\\src\\app\\employee\\EmployeeRowContainer.js": {"path":"D:\\W\\garnishment\\garnishment\\src\\app\\employee\\EmployeeRowContainer.js","statementMap":{"0":{"start":{"line":10,"column":4},"end":{"line":10,"column":17}},"1":{"start":{"line":13,"column":4},"end":{"line":13,"column":32}},"2":{"start":{"line":14,"column":4},"end":{"line":14,"column":33}},"3":{"start":{"line":16,"column":4},"end":{"line":16,"column":35}},"4":{"start":{"line":20,"column":4},"end":{"line":36,"column":3}},"5":{"start":{"line":21,"column":4},"end":{"line":33,"column":6}},"6":{"start":{"line":22,"column":6},"end":{"line":32,"column":7}},"7":{"start":{"line":30,"column":25},"end":{"line":30,"column":47}},"8":{"start":{"line":35,"column":4},"end":{"line":35,"column":55}},"9":{"start":{"line":39,"column":4},"end":{"line":41,"column":13}},"10":{"start":{"line":44,"column":0},"end":{"line":46,"column":2}},"11":{"start":{"line":48,"column":2},"end":{"line":50,"column":3}},"12":{"start":{"line":53,"column":2},"end":{"line":53,"column":55}}},"fnMap":{"0":{"name":"(anonymous_0)","decl":{"start":{"line":9,"column":2},"end":{"line":9,"column":3}},"loc":{"start":{"line":9,"column":20},"end":{"line":11,"column":3}},"line":9},"1":{"name":"(anonymous_1)","decl":{"start":{"line":12,"column":2},"end":{"line":12,"column":3}},"loc":{"start":{"line":12,"column":19},"end":{"line":18,"column":3}},"line":12},"2":{"name":"(anonymous_2)","decl":{"start":{"line":19,"column":2},"end":{"line":19,"column":3}},"loc":{"start":{"line":19,"column":18},"end":{"line":37,"column":2}},"line":19},"3":{"name":"(anonymous_3)","decl":{"start":{"line":21,"column":20},"end":{"line":21,"column":21}},"loc":{"start":{"line":21,"column":33},"end":{"line":33,"column":5}},"line":21},"4":{"name":"(anonymous_4)","decl":{"start":{"line":30,"column":19},"end":{"line":30,"column":20}},"loc":{"start":{"line":30,"column":25},"end":{"line":30,"column":47}},"line":30},"5":{"name":"(anonymous_5)","decl":{"start":{"line":38,"column":2},"end":{"line":38,"column":3}},"loc":{"start":{"line":38,"column":10},"end":{"line":42,"column":3}},"line":38},"6":{"name":"mapStateToProps","decl":{"start":{"line":47,"column":9},"end":{"line":47,"column":24}},"loc":{"start":{"line":47,"column":32},"end":{"line":51,"column":1}},"line":47},"7":{"name":"mapDispatchToProps","decl":{"start":{"line":52,"column":9},"end":{"line":52,"column":27}},"loc":{"start":{"line":52,"column":38},"end":{"line":54,"column":1}},"line":52}},"branchMap":{"0":{"loc":{"start":{"line":20,"column":4},"end":{"line":36,"column":3}},"type":"if","locations":[{"start":{"line":20,"column":4},"end":{"line":36,"column":3}},{"start":{"line":20,"column":4},"end":{"line":36,"column":3}}],"line":20},"1":{"loc":{"start":{"line":20,"column":7},"end":{"line":20,"column":29}},"type":"binary-expr","locations":[{"start":{"line":20,"column":7},"end":{"line":20,"column":11}},{"start":{"line":20,"column":15},"end":{"line":20,"column":29}}],"line":20}},"s":{"0":3,"1":0,"2":0,"3":0,"4":3,"5":2,"6":2,"7":0,"8":1,"9":3,"10":2,"11":3,"12":3},"f":{"0":3,"1":0,"2":3,"3":2,"4":0,"5":3,"6":3,"7":3},"b":{"0":[2,1],"1":[3,3]},"_coverageSchema":"332fd63041d2c1bcb487cc26dd0d5f7d97098a6c","hash":"c961f876d9cb5ccb78e16502df2ea6e03b28f948"}
,"D:\\W\\garnishment\\garnishment\\src\\app\\employee\\employeeAPI.js": {"path":"D:\\W\\garnishment\\garnishment\\src\\app\\employee\\employeeAPI.js","statementMap":{"0":{"start":{"line":4,"column":4},"end":{"line":8,"column":7}},"1":{"start":{"line":5,"column":6},"end":{"line":5,"column":29}},"2":{"start":{"line":7,"column":6},"end":{"line":7,"column":19}},"3":{"start":{"line":11,"column":14},"end":{"line":11,"column":46}},"4":{"start":{"line":12,"column":4},"end":{"line":23,"column":7}},"5":{"start":{"line":19,"column":6},"end":{"line":19,"column":29}},"6":{"start":{"line":22,"column":6},"end":{"line":22,"column":19}},"7":{"start":{"line":26,"column":4},"end":{"line":38,"column":7}},"8":{"start":{"line":34,"column":6},"end":{"line":34,"column":29}},"9":{"start":{"line":37,"column":6},"end":{"line":37,"column":19}}},"fnMap":{"0":{"name":"(anonymous_0)","decl":{"start":{"line":3,"column":2},"end":{"line":3,"column":3}},"loc":{"start":{"line":3,"column":26},"end":{"line":9,"column":3}},"line":3},"1":{"name":"(anonymous_1)","decl":{"start":{"line":4,"column":42},"end":{"line":4,"column":43}},"loc":{"start":{"line":4,"column":54},"end":{"line":6,"column":5}},"line":4},"2":{"name":"(anonymous_2)","decl":{"start":{"line":6,"column":13},"end":{"line":6,"column":14}},"loc":{"start":{"line":6,"column":22},"end":{"line":8,"column":5}},"line":6},"3":{"name":"(anonymous_3)","decl":{"start":{"line":10,"column":2},"end":{"line":10,"column":3}},"loc":{"start":{"line":10,"column":29},"end":{"line":24,"column":3}},"line":10},"4":{"name":"(anonymous_4)","decl":{"start":{"line":18,"column":10},"end":{"line":18,"column":11}},"loc":{"start":{"line":18,"column":22},"end":{"line":20,"column":5}},"line":18},"5":{"name":"(anonymous_5)","decl":{"start":{"line":21,"column":11},"end":{"line":21,"column":12}},"loc":{"start":{"line":21,"column":20},"end":{"line":23,"column":5}},"line":21},"6":{"name":"(anonymous_6)","decl":{"start":{"line":25,"column":2},"end":{"line":25,"column":3}},"loc":{"start":{"line":25,"column":30},"end":{"line":39,"column":3}},"line":25},"7":{"name":"(anonymous_7)","decl":{"start":{"line":33,"column":10},"end":{"line":33,"column":11}},"loc":{"start":{"line":33,"column":22},"end":{"line":35,"column":5}},"line":33},"8":{"name":"(anonymous_8)","decl":{"start":{"line":36,"column":11},"end":{"line":36,"column":12}},"loc":{"start":{"line":36,"column":20},"end":{"line":38,"column":5}},"line":36}},"branchMap":{},"s":{"0":1,"1":1,"2":0,"3":1,"4":1,"5":1,"6":0,"7":1,"8":1,"9":0},"f":{"0":1,"1":1,"2":0,"3":1,"4":1,"5":0,"6":1,"7":1,"8":0},"b":{},"_coverageSchema":"332fd63041d2c1bcb487cc26dd0d5f7d97098a6c","hash":"52225eb767a8cb178b69454619bcbd71e416e07d"}
,"D:\\W\\garnishment\\garnishment\\src\\app\\employee\\employeeAction.js": {"path":"D:\\W\\garnishment\\garnishment\\src\\app\\employee\\employeeAction.js","statementMap":{"0":{"start":{"line":6,"column":2},"end":{"line":6,"column":43}},"1":{"start":{"line":7,"column":17},"end":{"line":7,"column":27}},"2":{"start":{"line":8,"column":17},"end":{"line":8,"column":22}},"3":{"start":{"line":9,"column":16},"end":{"line":16,"column":3}},"4":{"start":{"line":17,"column":13},"end":{"line":17,"column":80}},"5":{"start":{"line":18,"column":2},"end":{"line":32,"column":9}},"6":{"start":{"line":25,"column":10},"end":{"line":25,"column":40}},"7":{"start":{"line":27,"column":10},"end":{"line":27,"column":74}},"8":{"start":{"line":28,"column":10},"end":{"line":28,"column":45}},"9":{"start":{"line":29,"column":10},"end":{"line":29,"column":31}},"10":{"start":{"line":31,"column":10},"end":{"line":31,"column":35}},"11":{"start":{"line":37,"column":12},"end":{"line":37,"column":51}},"12":{"start":{"line":38,"column":27},"end":{"line":38,"column":37}},"13":{"start":{"line":39,"column":27},"end":{"line":39,"column":32}},"14":{"start":{"line":40,"column":25},"end":{"line":40,"column":43}},"15":{"start":{"line":41,"column":37},"end":{"line":41,"column":79}},"16":{"start":{"line":42,"column":26},"end":{"line":42,"column":77}},"17":{"start":{"line":43,"column":23},"end":{"line":43,"column":90}},"18":{"start":{"line":44,"column":21},"end":{"line":44,"column":45}},"19":{"start":{"line":45,"column":12},"end":{"line":45,"column":30}},"20":{"start":{"line":46,"column":26},"end":{"line":55,"column":13}},"21":{"start":{"line":57,"column":26},"end":{"line":57,"column":44}},"22":{"start":{"line":58,"column":12},"end":{"line":67,"column":15}},"23":{"start":{"line":59,"column":16},"end":{"line":62,"column":17}},"24":{"start":{"line":60,"column":20},"end":{"line":60,"column":70}},"25":{"start":{"line":61,"column":20},"end":{"line":61,"column":27}},"26":{"start":{"line":63,"column":16},"end":{"line":63,"column":52}},"27":{"start":{"line":64,"column":16},"end":{"line":64,"column":59}},"28":{"start":{"line":65,"column":16},"end":{"line":65,"column":34}},"29":{"start":{"line":66,"column":16},"end":{"line":66,"column":37}},"30":{"start":{"line":71,"column":20},"end":{"line":71,"column":75}},"31":{"start":{"line":72,"column":17},"end":{"line":72,"column":27}},"32":{"start":{"line":73,"column":17},"end":{"line":73,"column":22}},"33":{"start":{"line":74,"column":20},"end":{"line":74,"column":51}},"34":{"start":{"line":75,"column":18},"end":{"line":75,"column":40}},"35":{"start":{"line":77,"column":2},"end":{"line":87,"column":5}},"36":{"start":{"line":83,"column":4},"end":{"line":83,"column":33}},"37":{"start":{"line":86,"column":4},"end":{"line":86,"column":54}},"38":{"start":{"line":91,"column":12},"end":{"line":91,"column":67}},"39":{"start":{"line":92,"column":17},"end":{"line":92,"column":27}},"40":{"start":{"line":93,"column":17},"end":{"line":93,"column":22}},"41":{"start":{"line":95,"column":2},"end":{"line":106,"column":2}},"42":{"start":{"line":100,"column":6},"end":{"line":104,"column":7}},"43":{"start":{"line":101,"column":10},"end":{"line":101,"column":37}},"44":{"start":{"line":103,"column":10},"end":{"line":103,"column":86}},"45":{"start":{"line":110,"column":4},"end":{"line":116,"column":4}},"46":{"start":{"line":111,"column":8},"end":{"line":115,"column":11}},"47":{"start":{"line":112,"column":10},"end":{"line":112,"column":46}},"48":{"start":{"line":114,"column":10},"end":{"line":114,"column":23}},"49":{"start":{"line":120,"column":2},"end":{"line":120,"column":52}},"50":{"start":{"line":124,"column":2},"end":{"line":132,"column":4}},"51":{"start":{"line":125,"column":4},"end":{"line":125,"column":24}},"52":{"start":{"line":126,"column":4},"end":{"line":131,"column":7}},"53":{"start":{"line":127,"column":6},"end":{"line":127,"column":46}},"54":{"start":{"line":128,"column":6},"end":{"line":128,"column":20}},"55":{"start":{"line":130,"column":6},"end":{"line":130,"column":19}},"56":{"start":{"line":135,"column":2},"end":{"line":135,"column":39}},"57":{"start":{"line":136,"column":2},"end":{"line":136,"column":22}},"58":{"start":{"line":137,"column":2},"end":{"line":137,"column":55}},"59":{"start":{"line":141,"column":2},"end":{"line":149,"column":3}},"60":{"start":{"line":142,"column":4},"end":{"line":148,"column":6}},"61":{"start":{"line":143,"column":6},"end":{"line":143,"column":38}},"62":{"start":{"line":144,"column":6},"end":{"line":144,"column":43}},"63":{"start":{"line":145,"column":6},"end":{"line":145,"column":13}},"64":{"start":{"line":147,"column":6},"end":{"line":147,"column":19}},"65":{"start":{"line":152,"column":2},"end":{"line":152,"column":39}},"66":{"start":{"line":153,"column":2},"end":{"line":153,"column":19}},"67":{"start":{"line":154,"column":2},"end":{"line":154,"column":52}}},"fnMap":{"0":{"name":"authenticateWS","decl":{"start":{"line":5,"column":16},"end":{"line":5,"column":30}},"loc":{"start":{"line":5,"column":33},"end":{"line":33,"column":1}},"line":5},"1":{"name":"(anonymous_1)","decl":{"start":{"line":24,"column":12},"end":{"line":24,"column":13}},"loc":{"start":{"line":24,"column":27},"end":{"line":30,"column":7}},"line":24},"2":{"name":"(anonymous_2)","decl":{"start":{"line":30,"column":15},"end":{"line":30,"column":16}},"loc":{"start":{"line":30,"column":30},"end":{"line":32,"column":7}},"line":30},"3":{"name":"testRestfulCall","decl":{"start":{"line":36,"column":16},"end":{"line":36,"column":31}},"loc":{"start":{"line":36,"column":34},"end":{"line":68,"column":9}},"line":36},"4":{"name":"(anonymous_4)","decl":{"start":{"line":58,"column":29},"end":{"line":58,"column":30}},"loc":{"start":{"line":58,"column":55},"end":{"line":67,"column":13}},"line":58},"5":{"name":"authenticateWS121","decl":{"start":{"line":70,"column":16},"end":{"line":70,"column":33}},"loc":{"start":{"line":70,"column":35},"end":{"line":89,"column":1}},"line":70},"6":{"name":"(anonymous_6)","decl":{"start":{"line":82,"column":10},"end":{"line":82,"column":11}},"loc":{"start":{"line":82,"column":28},"end":{"line":84,"column":3}},"line":82},"7":{"name":"(anonymous_7)","decl":{"start":{"line":85,"column":9},"end":{"line":85,"column":10}},"loc":{"start":{"line":85,"column":25},"end":{"line":87,"column":3}},"line":85},"8":{"name":"lastcc","decl":{"start":{"line":90,"column":16},"end":{"line":90,"column":22}},"loc":{"start":{"line":90,"column":24},"end":{"line":107,"column":1}},"line":90},"9":{"name":"(anonymous_9)","decl":{"start":{"line":99,"column":7},"end":{"line":99,"column":8}},"loc":{"start":{"line":99,"column":28},"end":{"line":105,"column":3}},"line":99},"10":{"name":"loadEmployees","decl":{"start":{"line":108,"column":16},"end":{"line":108,"column":29}},"loc":{"start":{"line":108,"column":32},"end":{"line":117,"column":1}},"line":108},"11":{"name":"(anonymous_11)","decl":{"start":{"line":110,"column":11},"end":{"line":110,"column":12}},"loc":{"start":{"line":110,"column":30},"end":{"line":116,"column":3}},"line":110},"12":{"name":"(anonymous_12)","decl":{"start":{"line":111,"column":49},"end":{"line":111,"column":50}},"loc":{"start":{"line":111,"column":57},"end":{"line":113,"column":9}},"line":111},"13":{"name":"(anonymous_13)","decl":{"start":{"line":113,"column":17},"end":{"line":113,"column":18}},"loc":{"start":{"line":113,"column":26},"end":{"line":115,"column":9}},"line":113},"14":{"name":"loadEmployeeSuccess","decl":{"start":{"line":119,"column":16},"end":{"line":119,"column":35}},"loc":{"start":{"line":119,"column":42},"end":{"line":121,"column":1}},"line":119},"15":{"name":"saveEmployee","decl":{"start":{"line":123,"column":16},"end":{"line":123,"column":28}},"loc":{"start":{"line":123,"column":37},"end":{"line":133,"column":1}},"line":123},"16":{"name":"(anonymous_16)","decl":{"start":{"line":124,"column":9},"end":{"line":124,"column":10}},"loc":{"start":{"line":124,"column":29},"end":{"line":132,"column":3}},"line":124},"17":{"name":"(anonymous_17)","decl":{"start":{"line":126,"column":49},"end":{"line":126,"column":50}},"loc":{"start":{"line":126,"column":59},"end":{"line":129,"column":5}},"line":126},"18":{"name":"(anonymous_18)","decl":{"start":{"line":129,"column":13},"end":{"line":129,"column":14}},"loc":{"start":{"line":129,"column":22},"end":{"line":131,"column":5}},"line":129},"19":{"name":"createEmployeeSuccess","decl":{"start":{"line":134,"column":16},"end":{"line":134,"column":37}},"loc":{"start":{"line":134,"column":46},"end":{"line":138,"column":1}},"line":134},"20":{"name":"deleteEmployee","decl":{"start":{"line":140,"column":16},"end":{"line":140,"column":30}},"loc":{"start":{"line":140,"column":36},"end":{"line":150,"column":1}},"line":140},"21":{"name":"(anonymous_21)","decl":{"start":{"line":141,"column":9},"end":{"line":141,"column":10}},"loc":{"start":{"line":141,"column":28},"end":{"line":149,"column":3}},"line":141},"22":{"name":"(anonymous_22)","decl":{"start":{"line":142,"column":48},"end":{"line":142,"column":49}},"loc":{"start":{"line":142,"column":54},"end":{"line":146,"column":5}},"line":142},"23":{"name":"(anonymous_23)","decl":{"start":{"line":146,"column":13},"end":{"line":146,"column":14}},"loc":{"start":{"line":146,"column":22},"end":{"line":148,"column":5}},"line":146},"24":{"name":"deleteEmployeeSuccess","decl":{"start":{"line":151,"column":16},"end":{"line":151,"column":37}},"loc":{"start":{"line":151,"column":43},"end":{"line":155,"column":1}},"line":151}},"branchMap":{"0":{"loc":{"start":{"line":59,"column":16},"end":{"line":62,"column":17}},"type":"if","locations":[{"start":{"line":59,"column":16},"end":{"line":62,"column":17}},{"start":{"line":59,"column":16},"end":{"line":62,"column":17}}],"line":59},"1":{"loc":{"start":{"line":100,"column":6},"end":{"line":104,"column":7}},"type":"if","locations":[{"start":{"line":100,"column":6},"end":{"line":104,"column":7}},{"start":{"line":100,"column":6},"end":{"line":104,"column":7}}],"line":100},"2":{"loc":{"start":{"line":100,"column":10},"end":{"line":100,"column":28}},"type":"binary-expr","locations":[{"start":{"line":100,"column":10},"end":{"line":100,"column":16}},{"start":{"line":100,"column":20},"end":{"line":100,"column":28}}],"line":100}},"s":{"0":0,"1":0,"2":0,"3":0,"4":0,"5":0,"6":0,"7":0,"8":0,"9":0,"10":0,"11":0,"12":0,"13":0,"14":0,"15":0,"16":0,"17":0,"18":0,"19":0,"20":0,"21":0,"22":0,"23":0,"24":0,"25":0,"26":0,"27":0,"28":0,"29":0,"30":0,"31":0,"32":0,"33":0,"34":0,"35":0,"36":0,"37":0,"38":0,"39":0,"40":0,"41":0,"42":0,"43":0,"44":0,"45":1,"46":1,"47":1,"48":0,"49":2,"50":1,"51":1,"52":1,"53":1,"54":1,"55":0,"56":2,"57":2,"58":2,"59":1,"60":1,"61":1,"62":1,"63":1,"64":0,"65":1,"66":1,"67":1},"f":{"0":0,"1":0,"2":0,"3":0,"4":0,"5":0,"6":0,"7":0,"8":0,"9":0,"10":1,"11":1,"12":1,"13":0,"14":2,"15":1,"16":1,"17":1,"18":0,"19":2,"20":1,"21":1,"22":1,"23":0,"24":1},"b":{"0":[0,0],"1":[0,0],"2":[0,0]},"_coverageSchema":"332fd63041d2c1bcb487cc26dd0d5f7d97098a6c","hash":"c5138559928519c86c3c94d6206da1ae934dd31f"}
,"D:\\W\\garnishment\\garnishment\\src\\app\\employee\\employeeReducer.js": {"path":"D:\\W\\garnishment\\garnishment\\src\\app\\employee\\employeeReducer.js","statementMap":{"0":{"start":{"line":6,"column":2},"end":{"line":34,"column":3}},"1":{"start":{"line":10,"column":5},"end":{"line":10,"column":49}},"2":{"start":{"line":14,"column":4},"end":{"line":14,"column":16}},"3":{"start":{"line":16,"column":6},"end":{"line":16,"column":27}},"4":{"start":{"line":17,"column":6},"end":{"line":17,"column":25}},"5":{"start":{"line":18,"column":23},"end":{"line":18,"column":47}},"6":{"start":{"line":19,"column":33},"end":{"line":21,"column":8}},"7":{"start":{"line":20,"column":6},"end":{"line":20,"column":36}},"8":{"start":{"line":22,"column":6},"end":{"line":22,"column":45}},"9":{"start":{"line":23,"column":6},"end":{"line":23,"column":30}},"10":{"start":{"line":24,"column":6},"end":{"line":24,"column":28}},"11":{"start":{"line":25,"column":6},"end":{"line":25,"column":22}},"12":{"start":{"line":27,"column":6},"end":{"line":27,"column":33}},"13":{"start":{"line":28,"column":6},"end":{"line":31,"column":7}},"14":{"start":{"line":29,"column":31},"end":{"line":29,"column":58}},"15":{"start":{"line":33,"column":6},"end":{"line":33,"column":19}}},"fnMap":{"0":{"name":"employeeReducer","decl":{"start":{"line":4,"column":24},"end":{"line":4,"column":39}},"loc":{"start":{"line":4,"column":74},"end":{"line":35,"column":1}},"line":4},"1":{"name":"(anonymous_1)","decl":{"start":{"line":19,"column":49},"end":{"line":19,"column":50}},"loc":{"start":{"line":19,"column":56},"end":{"line":21,"column":7}},"line":19},"2":{"name":"(anonymous_2)","decl":{"start":{"line":29,"column":24},"end":{"line":29,"column":25}},"loc":{"start":{"line":29,"column":31},"end":{"line":29,"column":58}},"line":29}},"branchMap":{"0":{"loc":{"start":{"line":4,"column":40},"end":{"line":4,"column":65}},"type":"default-arg","locations":[{"start":{"line":4,"column":48},"end":{"line":4,"column":65}}],"line":4},"1":{"loc":{"start":{"line":6,"column":2},"end":{"line":34,"column":3}},"type":"switch","locations":[{"start":{"line":7,"column":4},"end":{"line":10,"column":49}},{"start":{"line":11,"column":4},"end":{"line":14,"column":16}},{"start":{"line":15,"column":4},"end":{"line":25,"column":22}},{"start":{"line":26,"column":4},"end":{"line":31,"column":7}},{"start":{"line":32,"column":4},"end":{"line":33,"column":19}}],"line":6}},"s":{"0":6,"1":1,"2":1,"3":1,"4":1,"5":1,"6":1,"7":2,"8":1,"9":1,"10":1,"11":1,"12":1,"13":1,"14":1,"15":2},"f":{"0":6,"1":2,"2":1},"b":{"0":[3],"1":[1,1,1,1,2]},"_coverageSchema":"332fd63041d2c1bcb487cc26dd0d5f7d97098a6c","hash":"a39f3ca56c2ae4526be5c998ef6c801451718fd3"}
,"D:\\W\\garnishment\\garnishment\\src\\app\\employee\\formValidations.js": {"path":"D:\\W\\garnishment\\garnishment\\src\\app\\employee\\formValidations.js","statementMap":{"0":{"start":{"line":4,"column":16},"end":{"line":4,"column":78}},"1":{"start":{"line":4,"column":25},"end":{"line":4,"column":78}},"2":{"start":{"line":5,"column":13},"end":{"line":5,"column":138}},"3":{"start":{"line":5,"column":24},"end":{"line":5,"column":138}},"4":{"start":{"line":5,"column":48},"end":{"line":5,"column":138}},"5":{"start":{"line":5,"column":66},"end":{"line":5,"column":90}},"6":{"start":{"line":5,"column":108},"end":{"line":5,"column":115}},"7":{"start":{"line":9,"column":1},"end":{"line":9,"column":15}},"8":{"start":{"line":10,"column":1},"end":{"line":16,"column":2}},"9":{"start":{"line":11,"column":2},"end":{"line":15,"column":4}},"10":{"start":{"line":17,"column":1},"end":{"line":17,"column":17}},"11":{"start":{"line":22,"column":1},"end":{"line":24,"column":2}},"12":{"start":{"line":23,"column":2},"end":{"line":23,"column":33}},"13":{"start":{"line":28,"column":1},"end":{"line":30,"column":2}},"14":{"start":{"line":29,"column":2},"end":{"line":29,"column":20}},"15":{"start":{"line":34,"column":1},"end":{"line":38,"column":3}},"16":{"start":{"line":35,"column":2},"end":{"line":37,"column":3}},"17":{"start":{"line":36,"column":3},"end":{"line":36,"column":47}},"18":{"start":{"line":42,"column":1},"end":{"line":46,"column":3}},"19":{"start":{"line":43,"column":2},"end":{"line":45,"column":3}},"20":{"start":{"line":44,"column":3},"end":{"line":44,"column":51}},"21":{"start":{"line":50,"column":1},"end":{"line":52,"column":2}},"22":{"start":{"line":51,"column":2},"end":{"line":51,"column":30}},"23":{"start":{"line":56,"column":1},"end":{"line":60,"column":3}},"24":{"start":{"line":57,"column":2},"end":{"line":59,"column":3}},"25":{"start":{"line":58,"column":3},"end":{"line":58,"column":54}},"26":{"start":{"line":64,"column":1},"end":{"line":70,"column":3}},"27":{"start":{"line":65,"column":2},"end":{"line":69,"column":3}},"28":{"start":{"line":66,"column":3},"end":{"line":68,"column":4}},"29":{"start":{"line":67,"column":4},"end":{"line":67,"column":26}},"30":{"start":{"line":74,"column":1},"end":{"line":84,"column":3}},"31":{"start":{"line":75,"column":17},"end":{"line":75,"column":19}},"32":{"start":{"line":76,"column":20},"end":{"line":76,"column":42}},"33":{"start":{"line":77,"column":2},"end":{"line":82,"column":5}},"34":{"start":{"line":78,"column":17},"end":{"line":78,"column":33}},"35":{"start":{"line":79,"column":3},"end":{"line":81,"column":4}},"36":{"start":{"line":80,"column":4},"end":{"line":80,"column":23}},"37":{"start":{"line":83,"column":2},"end":{"line":83,"column":16}},"38":{"start":{"line":88,"column":1},"end":{"line":98,"column":3}},"39":{"start":{"line":89,"column":17},"end":{"line":89,"column":19}},"40":{"start":{"line":90,"column":2},"end":{"line":96,"column":5}},"41":{"start":{"line":91,"column":16},"end":{"line":91,"column":43}},"42":{"start":{"line":92,"column":17},"end":{"line":92,"column":45}},"43":{"start":{"line":93,"column":3},"end":{"line":95,"column":4}},"44":{"start":{"line":94,"column":4},"end":{"line":94,"column":24}},"45":{"start":{"line":97,"column":2},"end":{"line":97,"column":16}}},"fnMap":{"0":{"name":"(anonymous_0)","decl":{"start":{"line":4,"column":16},"end":{"line":4,"column":17}},"loc":{"start":{"line":4,"column":25},"end":{"line":4,"column":78}},"line":4},"1":{"name":"(anonymous_1)","decl":{"start":{"line":5,"column":13},"end":{"line":5,"column":14}},"loc":{"start":{"line":5,"column":24},"end":{"line":5,"column":138}},"line":5},"2":{"name":"(anonymous_2)","decl":{"start":{"line":5,"column":24},"end":{"line":5,"column":25}},"loc":{"start":{"line":5,"column":48},"end":{"line":5,"column":138}},"line":5},"3":{"name":"(anonymous_3)","decl":{"start":{"line":5,"column":58},"end":{"line":5,"column":59}},"loc":{"start":{"line":5,"column":66},"end":{"line":5,"column":90}},"line":5},"4":{"name":"(anonymous_4)","decl":{"start":{"line":5,"column":99},"end":{"line":5,"column":100}},"loc":{"start":{"line":5,"column":108},"end":{"line":5,"column":115}},"line":5},"5":{"name":"getBsFeedback","decl":{"start":{"line":7,"column":16},"end":{"line":7,"column":29}},"loc":{"start":{"line":7,"column":37},"end":{"line":18,"column":1}},"line":7},"6":{"name":"email","decl":{"start":{"line":20,"column":16},"end":{"line":20,"column":21}},"loc":{"start":{"line":20,"column":29},"end":{"line":25,"column":1}},"line":20},"7":{"name":"required","decl":{"start":{"line":27,"column":16},"end":{"line":27,"column":24}},"loc":{"start":{"line":27,"column":32},"end":{"line":31,"column":1}},"line":27},"8":{"name":"minLength","decl":{"start":{"line":33,"column":16},"end":{"line":33,"column":25}},"loc":{"start":{"line":33,"column":31},"end":{"line":39,"column":1}},"line":33},"9":{"name":"(anonymous_9)","decl":{"start":{"line":34,"column":8},"end":{"line":34,"column":9}},"loc":{"start":{"line":34,"column":17},"end":{"line":38,"column":2}},"line":34},"10":{"name":"maxLength","decl":{"start":{"line":41,"column":16},"end":{"line":41,"column":25}},"loc":{"start":{"line":41,"column":31},"end":{"line":47,"column":1}},"line":41},"11":{"name":"(anonymous_11)","decl":{"start":{"line":42,"column":8},"end":{"line":42,"column":9}},"loc":{"start":{"line":42,"column":17},"end":{"line":46,"column":2}},"line":42},"12":{"name":"integer","decl":{"start":{"line":49,"column":16},"end":{"line":49,"column":23}},"loc":{"start":{"line":49,"column":31},"end":{"line":53,"column":1}},"line":49},"13":{"name":"oneOf","decl":{"start":{"line":55,"column":16},"end":{"line":55,"column":21}},"loc":{"start":{"line":55,"column":35},"end":{"line":61,"column":1}},"line":55},"14":{"name":"(anonymous_14)","decl":{"start":{"line":56,"column":8},"end":{"line":56,"column":9}},"loc":{"start":{"line":56,"column":17},"end":{"line":60,"column":2}},"line":56},"15":{"name":"match","decl":{"start":{"line":63,"column":16},"end":{"line":63,"column":21}},"loc":{"start":{"line":63,"column":29},"end":{"line":71,"column":1}},"line":63},"16":{"name":"(anonymous_16)","decl":{"start":{"line":64,"column":8},"end":{"line":64,"column":9}},"loc":{"start":{"line":64,"column":25},"end":{"line":70,"column":2}},"line":64},"17":{"name":"arrayValidator","decl":{"start":{"line":73,"column":16},"end":{"line":73,"column":30}},"loc":{"start":{"line":73,"column":38},"end":{"line":85,"column":1}},"line":73},"18":{"name":"(anonymous_18)","decl":{"start":{"line":74,"column":8},"end":{"line":74,"column":9}},"loc":{"start":{"line":74,"column":23},"end":{"line":84,"column":2}},"line":74},"19":{"name":"(anonymous_19)","decl":{"start":{"line":77,"column":15},"end":{"line":77,"column":16}},"loc":{"start":{"line":77,"column":24},"end":{"line":82,"column":3}},"line":77},"20":{"name":"createValidator","decl":{"start":{"line":87,"column":16},"end":{"line":87,"column":31}},"loc":{"start":{"line":87,"column":39},"end":{"line":99,"column":1}},"line":87},"21":{"name":"(anonymous_21)","decl":{"start":{"line":88,"column":8},"end":{"line":88,"column":9}},"loc":{"start":{"line":88,"column":30},"end":{"line":98,"column":2}},"line":88},"22":{"name":"(anonymous_22)","decl":{"start":{"line":90,"column":29},"end":{"line":90,"column":30}},"loc":{"start":{"line":90,"column":38},"end":{"line":96,"column":3}},"line":90}},"branchMap":{"0":{"loc":{"start":{"line":4,"column":25},"end":{"line":4,"column":78}},"type":"binary-expr","locations":[{"start":{"line":4,"column":25},"end":{"line":4,"column":44}},{"start":{"line":4,"column":48},"end":{"line":4,"column":62}},{"start":{"line":4,"column":66},"end":{"line":4,"column":78}}],"line":4},"1":{"loc":{"start":{"line":10,"column":1},"end":{"line":16,"column":2}},"type":"if","locations":[{"start":{"line":10,"column":1},"end":{"line":16,"column":2}},{"start":{"line":10,"column":1},"end":{"line":16,"column":2}}],"line":10},"2":{"loc":{"start":{"line":13,"column":12},"end":{"line":13,"column":45}},"type":"cond-expr","locations":[{"start":{"line":13,"column":26},"end":{"line":13,"column":35}},{"start":{"line":13,"column":38},"end":{"line":13,"column":45}}],"line":13},"3":{"loc":{"start":{"line":14,"column":9},"end":{"line":14,"column":58}},"type":"binary-expr","locations":[{"start":{"line":14,"column":9},"end":{"line":14,"column":22}},{"start":{"line":14,"column":27},"end":{"line":14,"column":57}}],"line":14},"4":{"loc":{"start":{"line":14,"column":27},"end":{"line":14,"column":57}},"type":"cond-expr","locations":[{"start":{"line":14,"column":41},"end":{"line":14,"column":52}},{"start":{"line":14,"column":55},"end":{"line":14,"column":57}}],"line":14},"5":{"loc":{"start":{"line":22,"column":1},"end":{"line":24,"column":2}},"type":"if","locations":[{"start":{"line":22,"column":1},"end":{"line":24,"column":2}},{"start":{"line":22,"column":1},"end":{"line":24,"column":2}}],"line":22},"6":{"loc":{"start":{"line":22,"column":5},"end":{"line":22,"column":80}},"type":"binary-expr","locations":[{"start":{"line":22,"column":5},"end":{"line":22,"column":20}},{"start":{"line":22,"column":24},"end":{"line":22,"column":80}}],"line":22},"7":{"loc":{"start":{"line":28,"column":1},"end":{"line":30,"column":2}},"type":"if","locations":[{"start":{"line":28,"column":1},"end":{"line":30,"column":2}},{"start":{"line":28,"column":1},"end":{"line":30,"column":2}}],"line":28},"8":{"loc":{"start":{"line":35,"column":2},"end":{"line":37,"column":3}},"type":"if","locations":[{"start":{"line":35,"column":2},"end":{"line":37,"column":3}},{"start":{"line":35,"column":2},"end":{"line":37,"column":3}}],"line":35},"9":{"loc":{"start":{"line":35,"column":6},"end":{"line":35,"column":43}},"type":"binary-expr","locations":[{"start":{"line":35,"column":6},"end":{"line":35,"column":21}},{"start":{"line":35,"column":25},"end":{"line":35,"column":43}}],"line":35},"10":{"loc":{"start":{"line":43,"column":2},"end":{"line":45,"column":3}},"type":"if","locations":[{"start":{"line":43,"column":2},"end":{"line":45,"column":3}},{"start":{"line":43,"column":2},"end":{"line":45,"column":3}}],"line":43},"11":{"loc":{"start":{"line":43,"column":6},"end":{"line":43,"column":43}},"type":"binary-expr","locations":[{"start":{"line":43,"column":6},"end":{"line":43,"column":21}},{"start":{"line":43,"column":25},"end":{"line":43,"column":43}}],"line":43},"12":{"loc":{"start":{"line":50,"column":1},"end":{"line":52,"column":2}},"type":"if","locations":[{"start":{"line":50,"column":1},"end":{"line":52,"column":2}},{"start":{"line":50,"column":1},"end":{"line":52,"column":2}}],"line":50},"13":{"loc":{"start":{"line":57,"column":2},"end":{"line":59,"column":3}},"type":"if","locations":[{"start":{"line":57,"column":2},"end":{"line":59,"column":3}},{"start":{"line":57,"column":2},"end":{"line":59,"column":3}}],"line":57},"14":{"loc":{"start":{"line":65,"column":2},"end":{"line":69,"column":3}},"type":"if","locations":[{"start":{"line":65,"column":2},"end":{"line":69,"column":3}},{"start":{"line":65,"column":2},"end":{"line":69,"column":3}}],"line":65},"15":{"loc":{"start":{"line":66,"column":3},"end":{"line":68,"column":4}},"type":"if","locations":[{"start":{"line":66,"column":3},"end":{"line":68,"column":4}},{"start":{"line":66,"column":3},"end":{"line":68,"column":4}}],"line":66},"16":{"loc":{"start":{"line":74,"column":9},"end":{"line":74,"column":18}},"type":"default-arg","locations":[{"start":{"line":74,"column":16},"end":{"line":74,"column":18}}],"line":74},"17":{"loc":{"start":{"line":79,"column":3},"end":{"line":81,"column":4}},"type":"if","locations":[{"start":{"line":79,"column":3},"end":{"line":81,"column":4}},{"start":{"line":79,"column":3},"end":{"line":81,"column":4}}],"line":79},"18":{"loc":{"start":{"line":88,"column":9},"end":{"line":88,"column":18}},"type":"default-arg","locations":[{"start":{"line":88,"column":16},"end":{"line":88,"column":18}}],"line":88},"19":{"loc":{"start":{"line":93,"column":3},"end":{"line":95,"column":4}},"type":"if","locations":[{"start":{"line":93,"column":3},"end":{"line":95,"column":4}},{"start":{"line":93,"column":3},"end":{"line":95,"column":4}}],"line":93}},"s":{"0":1,"1":6,"2":1,"3":6,"4":6,"5":6,"6":6,"7":0,"8":0,"9":0,"10":0,"11":0,"12":0,"13":6,"14":6,"15":0,"16":0,"17":0,"18":0,"19":0,"20":0,"21":0,"22":0,"23":0,"24":0,"25":0,"26":0,"27":0,"28":0,"29":0,"30":0,"31":0,"32":0,"33":0,"34":0,"35":0,"36":0,"37":0,"38":1,"39":2,"40":2,"41":6,"42":6,"43":6,"44":6,"45":2},"f":{"0":6,"1":6,"2":6,"3":6,"4":6,"5":0,"6":0,"7":6,"8":0,"9":0,"10":0,"11":0,"12":0,"13":0,"14":0,"15":0,"16":0,"17":0,"18":0,"19":0,"20":1,"21":2,"22":6},"b":{"0":[6,0,0],"1":[0,0],"2":[0,0],"3":[0,0],"4":[0,0],"5":[0,0],"6":[0,0],"7":[6,0],"8":[0,0],"9":[0,0],"10":[0,0],"11":[0,0],"12":[0,0],"13":[0,0],"14":[0,0],"15":[0,0],"16":[0],"17":[0,0],"18":[0],"19":[6,0]},"_coverageSchema":"332fd63041d2c1bcb487cc26dd0d5f7d97098a6c","hash":"cc70fb5b527c2eaa00a651063bc804517ca0c150"}
,"D:\\W\\garnishment\\garnishment\\src\\app\\sample\\TestBtn.js": {"path":"D:\\W\\garnishment\\garnishment\\src\\app\\sample\\TestBtn.js","statementMap":{"0":{"start":{"line":4,"column":7},"end":{"line":4,"column":31}},"1":{"start":{"line":7,"column":6},"end":{"line":11,"column":8}},"2":{"start":{"line":9,"column":62},"end":{"line":9,"column":81}}},"fnMap":{"0":{"name":"(anonymous_0)","decl":{"start":{"line":3,"column":3},"end":{"line":3,"column":4}},"loc":{"start":{"line":3,"column":17},"end":{"line":5,"column":4}},"line":3},"1":{"name":"(anonymous_1)","decl":{"start":{"line":6,"column":3},"end":{"line":6,"column":4}},"loc":{"start":{"line":6,"column":12},"end":{"line":12,"column":5}},"line":6},"2":{"name":"(anonymous_2)","decl":{"start":{"line":9,"column":56},"end":{"line":9,"column":57}},"loc":{"start":{"line":9,"column":62},"end":{"line":9,"column":81}},"line":9}},"branchMap":{},"s":{"0":3,"1":6,"2":3},"f":{"0":3,"1":6,"2":3},"b":{},"_coverageSchema":"332fd63041d2c1bcb487cc26dd0d5f7d97098a6c","hash":"f9f4f3d7d97731862b4788ca4c690a793f988340"}
,"D:\\W\\garnishment\\garnishment\\src\\app\\sample\\sum.js": {"path":"D:\\W\\garnishment\\garnishment\\src\\app\\sample\\sum.js","statementMap":{"0":{"start":{"line":2,"column":4},"end":{"line":2,"column":17}},"1":{"start":{"line":4,"column":0},"end":{"line":4,"column":21}}},"fnMap":{"0":{"name":"sum","decl":{"start":{"line":1,"column":9},"end":{"line":1,"column":12}},"loc":{"start":{"line":1,"column":19},"end":{"line":3,"column":1}},"line":1}},"branchMap":{},"s":{"0":2,"1":1},"f":{"0":2},"b":{},"_coverageSchema":"332fd63041d2c1bcb487cc26dd0d5f7d97098a6c","hash":"f93e5a80c19d8e261df78fab103340158477f883"}
,"D:\\W\\garnishment\\garnishment\\src\\base\\config\\appReducer.js": {"path":"D:\\W\\garnishment\\garnishment\\src\\base\\config\\appReducer.js","statementMap":{"0":{"start":{"line":5,"column":20},"end":{"line":9,"column":2}}},"fnMap":{},"branchMap":{},"s":{"0":1},"f":{},"b":{},"_coverageSchema":"332fd63041d2c1bcb487cc26dd0d5f7d97098a6c","hash":"794633b5214e0f4b046ee248452cd16e8625c2a4"}
,"D:\\W\\garnishment\\garnishment\\src\\base\\config\\initialState.js": {"path":"D:\\W\\garnishment\\garnishment\\src\\base\\config\\initialState.js","statementMap":{},"fnMap":{},"branchMap":{},"s":{},"f":{},"b":{},"_coverageSchema":"332fd63041d2c1bcb487cc26dd0d5f7d97098a6c","hash":"10d881b5c3a93bb6b4ace04533996f6f71d67fc7"}
,"D:\\W\\garnishment\\garnishment\\src\\base\\constants\\ActionTypes.js": {"path":"D:\\W\\garnishment\\garnishment\\src\\base\\constants\\ActionTypes.js","statementMap":{"0":{"start":{"line":1,"column":28},"end":{"line":1,"column":44}},"1":{"start":{"line":2,"column":36},"end":{"line":2,"column":60}},"2":{"start":{"line":3,"column":29},"end":{"line":3,"column":46}},"3":{"start":{"line":4,"column":37},"end":{"line":4,"column":62}},"4":{"start":{"line":5,"column":37},"end":{"line":5,"column":62}}},"fnMap":{},"branchMap":{},"s":{"0":5,"1":5,"2":5,"3":5,"4":5},"f":{},"b":{},"_coverageSchema":"332fd63041d2c1bcb487cc26dd0d5f7d97098a6c","hash":"9af84ccb31870c728d5f3ce498ed89933dc2590c"}
,"D:\\W\\garnishment\\garnishment\\src\\base\\constants\\ServiceUrls.js": {"path":"D:\\W\\garnishment\\garnishment\\src\\base\\constants\\ServiceUrls.js","statementMap":{"0":{"start":{"line":1,"column":23},"end":{"line":1,"column":32}},"1":{"start":{"line":2,"column":23},"end":{"line":2,"column":30}},"2":{"start":{"line":3,"column":27},"end":{"line":3,"column":33}},"3":{"start":{"line":4,"column":30},"end":{"line":4,"column":60}},"4":{"start":{"line":5,"column":34},"end":{"line":5,"column":57}},"5":{"start":{"line":6,"column":27},"end":{"line":6,"column":62}}},"fnMap":{},"branchMap":{},"s":{"0":4,"1":4,"2":4,"3":4,"4":4,"5":4},"f":{},"b":{},"_coverageSchema":"332fd63041d2c1bcb487cc26dd0d5f7d97098a6c","hash":"d4a734c36a25741ce59fd7f87657b8f2a4c81f14"}
,"D:\\W\\garnishment\\garnishment\\uitests\\utils\\shallowWithStore.jsx": {"path":"D:\\W\\garnishment\\garnishment\\uitests\\utils\\shallowWithStore.jsx","statementMap":{"0":{"start":{"line":4,"column":25},"end":{"line":9,"column":1}},"1":{"start":{"line":5,"column":18},"end":{"line":7,"column":3}},"2":{"start":{"line":8,"column":2},"end":{"line":8,"column":41}}},"fnMap":{"0":{"name":"(anonymous_0)","decl":{"start":{"line":4,"column":25},"end":{"line":4,"column":26}},"loc":{"start":{"line":4,"column":47},"end":{"line":9,"column":1}},"line":4}},"branchMap":{},"s":{"0":1,"1":0,"2":0},"f":{"0":0},"b":{},"_coverageSchema":"332fd63041d2c1bcb487cc26dd0d5f7d97098a6c","hash":"388d5fa1fce026afa51b6d1a3a4a7a8107dd641e"}
}
