TN:
SF:D:\W\garnishment\garnishment\src\app\employee\EmployeeFormComponent.js
FN:5,(anonymous_0)
FN:20,(anonymous_1)
FN:22,(anonymous_2)
FN:25,(anonymous_3)
FN:30,(anonymous_4)
FN:35,(anonymous_5)
FNF:6
FNH:2
FNDA:3,(anonymous_0)
FNDA:0,(anonymous_1)
FNDA:0,(anonymous_2)
FNDA:0,(anonymous_3)
FNDA:1,(anonymous_4)
FNDA:0,(anonymous_5)
DA:5,1
DA:6,3
DA:7,3
DA:21,0
DA:22,0
DA:23,0
DA:24,0
DA:26,0
DA:32,1
DA:35,0
LF:10
LH:4
BRDA:12,0,0,3
BRDA:12,0,1,0
BRDA:12,0,2,0
BRDA:12,0,3,0
BRDA:12,0,4,0
BRF:5
BRH:1
end_of_record
TN:
SF:D:\W\garnishment\garnishment\src\app\employee\EmployeeFormContainer.js
FN:20,(anonymous_0)
FN:22,(anonymous_1)
FN:28,(anonymous_2)
FN:30,(anonymous_3)
FN:31,(anonymous_4)
FN:40,(anonymous_5)
FNF:6
FNH:1
FNDA:0,(anonymous_0)
FNDA:1,(anonymous_1)
FNDA:0,(anonymous_2)
FNDA:0,(anonymous_3)
FNDA:0,(anonymous_4)
FNDA:0,(anonymous_5)
DA:8,1
DA:10,1
DA:20,1
DA:21,1
DA:22,1
DA:23,1
DA:29,0
DA:30,0
DA:31,0
DA:32,0
DA:33,0
DA:34,0
DA:40,1
DA:41,0
DA:51,1
LF:15
LH:8
BRF:0
BRH:0
end_of_record
TN:
SF:D:\W\garnishment\garnishment\src\app\employee\EmployeeListContainer.jsx
FN:6,(anonymous_0)
FN:9,(anonymous_1)
FN:32,mapStateToProps
FNF:3
FNH:3
FNDA:2,(anonymous_0)
FNDA:2,(anonymous_1)
FNDA:2,mapStateToProps
DA:7,2
DA:10,2
DA:11,1
DA:13,1
DA:33,2
LF:5
LH:5
BRDA:10,0,0,1
BRDA:10,0,1,1
BRF:2
BRH:2
end_of_record
TN:
SF:D:\W\garnishment\garnishment\src\app\employee\EmployeeRowContainer.js
FN:9,(anonymous_0)
FN:12,(anonymous_1)
FN:19,(anonymous_2)
FN:21,(anonymous_3)
FN:30,(anonymous_4)
FN:38,(anonymous_5)
FN:47,mapStateToProps
FN:52,mapDispatchToProps
FNF:8
FNH:6
FNDA:3,(anonymous_0)
FNDA:0,(anonymous_1)
FNDA:3,(anonymous_2)
FNDA:2,(anonymous_3)
FNDA:0,(anonymous_4)
FNDA:3,(anonymous_5)
FNDA:3,mapStateToProps
FNDA:3,mapDispatchToProps
DA:10,3
DA:13,0
DA:14,0
DA:16,0
DA:20,3
DA:21,2
DA:22,2
DA:30,0
DA:35,1
DA:39,3
DA:44,2
DA:48,3
DA:53,3
LF:13
LH:9
BRDA:20,0,0,2
BRDA:20,0,1,1
BRDA:20,1,0,3
BRDA:20,1,1,3
BRF:4
BRH:4
end_of_record
TN:
SF:D:\W\garnishment\garnishment\src\app\employee\employeeAPI.js
FN:3,(anonymous_0)
FN:4,(anonymous_1)
FN:6,(anonymous_2)
FN:10,(anonymous_3)
FN:18,(anonymous_4)
FN:21,(anonymous_5)
FN:25,(anonymous_6)
FN:33,(anonymous_7)
FN:36,(anonymous_8)
FNF:9
FNH:6
FNDA:1,(anonymous_0)
FNDA:1,(anonymous_1)
FNDA:0,(anonymous_2)
FNDA:1,(anonymous_3)
FNDA:1,(anonymous_4)
FNDA:0,(anonymous_5)
FNDA:1,(anonymous_6)
FNDA:1,(anonymous_7)
FNDA:0,(anonymous_8)
DA:4,1
DA:5,1
DA:7,0
DA:11,1
DA:12,1
DA:19,1
DA:22,0
DA:26,1
DA:34,1
DA:37,0
LF:10
LH:7
BRF:0
BRH:0
end_of_record
TN:
SF:D:\W\garnishment\garnishment\src\app\employee\employeeAction.js
FN:5,authenticateWS
FN:24,(anonymous_1)
FN:30,(anonymous_2)
FN:36,testRestfulCall
FN:58,(anonymous_4)
FN:70,authenticateWS121
FN:82,(anonymous_6)
FN:85,(anonymous_7)
FN:90,lastcc
FN:99,(anonymous_9)
FN:108,loadEmployees
FN:110,(anonymous_11)
FN:111,(anonymous_12)
FN:113,(anonymous_13)
FN:119,loadEmployeeSuccess
FN:123,saveEmployee
FN:124,(anonymous_16)
FN:126,(anonymous_17)
FN:129,(anonymous_18)
FN:134,createEmployeeSuccess
FN:140,deleteEmployee
FN:141,(anonymous_21)
FN:142,(anonymous_22)
FN:146,(anonymous_23)
FN:151,deleteEmployeeSuccess
FNF:25
FNH:12
FNDA:0,authenticateWS
FNDA:0,(anonymous_1)
FNDA:0,(anonymous_2)
FNDA:0,testRestfulCall
FNDA:0,(anonymous_4)
FNDA:0,authenticateWS121
FNDA:0,(anonymous_6)
FNDA:0,(anonymous_7)
FNDA:0,lastcc
FNDA:0,(anonymous_9)
FNDA:1,loadEmployees
FNDA:1,(anonymous_11)
FNDA:1,(anonymous_12)
FNDA:0,(anonymous_13)
FNDA:2,loadEmployeeSuccess
FNDA:1,saveEmployee
FNDA:1,(anonymous_16)
FNDA:1,(anonymous_17)
FNDA:0,(anonymous_18)
FNDA:2,createEmployeeSuccess
FNDA:1,deleteEmployee
FNDA:1,(anonymous_21)
FNDA:1,(anonymous_22)
FNDA:0,(anonymous_23)
FNDA:1,deleteEmployeeSuccess
DA:6,0
DA:7,0
DA:8,0
DA:9,0
DA:17,0
DA:18,0
DA:25,0
DA:27,0
DA:28,0
DA:29,0
DA:31,0
DA:37,0
DA:38,0
DA:39,0
DA:40,0
DA:41,0
DA:42,0
DA:43,0
DA:44,0
DA:45,0
DA:46,0
DA:57,0
DA:58,0
DA:59,0
DA:60,0
DA:61,0
DA:63,0
DA:64,0
DA:65,0
DA:66,0
DA:71,0
DA:72,0
DA:73,0
DA:74,0
DA:75,0
DA:77,0
DA:83,0
DA:86,0
DA:91,0
DA:92,0
DA:93,0
DA:95,0
DA:100,0
DA:101,0
DA:103,0
DA:110,1
DA:111,1
DA:112,1
DA:114,0
DA:120,2
DA:124,1
DA:125,1
DA:126,1
DA:127,1
DA:128,1
DA:130,0
DA:135,2
DA:136,2
DA:137,2
DA:141,1
DA:142,1
DA:143,1
DA:144,1
DA:145,1
DA:147,0
DA:152,1
DA:153,1
DA:154,1
LF:68
LH:20
BRDA:59,0,0,0
BRDA:59,0,1,0
BRDA:100,1,0,0
BRDA:100,1,1,0
BRDA:100,2,0,0
BRDA:100,2,1,0
BRF:6
BRH:0
end_of_record
TN:
SF:D:\W\garnishment\garnishment\src\app\employee\employeeReducer.js
FN:4,employeeReducer
FN:19,(anonymous_1)
FN:29,(anonymous_2)
FNF:3
FNH:3
FNDA:6,employeeReducer
FNDA:2,(anonymous_1)
FNDA:1,(anonymous_2)
DA:6,6
DA:10,1
DA:14,1
DA:16,1
DA:17,1
DA:18,1
DA:19,1
DA:20,2
DA:22,1
DA:23,1
DA:24,1
DA:25,1
DA:27,1
DA:28,1
DA:29,1
DA:33,2
LF:16
LH:16
BRDA:4,0,0,3
BRDA:6,1,0,1
BRDA:6,1,1,1
BRDA:6,1,2,1
BRDA:6,1,3,1
BRDA:6,1,4,2
BRF:6
BRH:6
end_of_record
TN:
SF:D:\W\garnishment\garnishment\src\app\employee\formValidations.js
FN:4,(anonymous_0)
FN:5,(anonymous_1)
FN:5,(anonymous_2)
FN:5,(anonymous_3)
FN:5,(anonymous_4)
FN:7,getBsFeedback
FN:20,email
FN:27,required
FN:33,minLength
FN:34,(anonymous_9)
FN:41,maxLength
FN:42,(anonymous_11)
FN:49,integer
FN:55,oneOf
FN:56,(anonymous_14)
FN:63,match
FN:64,(anonymous_16)
FN:73,arrayValidator
FN:74,(anonymous_18)
FN:77,(anonymous_19)
FN:87,createValidator
FN:88,(anonymous_21)
FN:90,(anonymous_22)
FNF:23
FNH:9
FNDA:6,(anonymous_0)
FNDA:6,(anonymous_1)
FNDA:6,(anonymous_2)
FNDA:6,(anonymous_3)
FNDA:6,(anonymous_4)
FNDA:0,getBsFeedback
FNDA:0,email
FNDA:6,required
FNDA:0,minLength
FNDA:0,(anonymous_9)
FNDA:0,maxLength
FNDA:0,(anonymous_11)
FNDA:0,integer
FNDA:0,oneOf
FNDA:0,(anonymous_14)
FNDA:0,match
FNDA:0,(anonymous_16)
FNDA:0,arrayValidator
FNDA:0,(anonymous_18)
FNDA:0,(anonymous_19)
FNDA:1,createValidator
FNDA:2,(anonymous_21)
FNDA:6,(anonymous_22)
DA:4,6
DA:5,6
DA:9,0
DA:10,0
DA:11,0
DA:17,0
DA:22,0
DA:23,0
DA:28,6
DA:29,6
DA:34,0
DA:35,0
DA:36,0
DA:42,0
DA:43,0
DA:44,0
DA:50,0
DA:51,0
DA:56,0
DA:57,0
DA:58,0
DA:64,0
DA:65,0
DA:66,0
DA:67,0
DA:74,0
DA:75,0
DA:76,0
DA:77,0
DA:78,0
DA:79,0
DA:80,0
DA:83,0
DA:88,1
DA:89,2
DA:90,2
DA:91,6
DA:92,6
DA:93,6
DA:94,6
DA:97,2
LF:41
LH:12
BRDA:4,0,0,6
BRDA:4,0,1,0
BRDA:4,0,2,0
BRDA:10,1,0,0
BRDA:10,1,1,0
BRDA:13,2,0,0
BRDA:13,2,1,0
BRDA:14,3,0,0
BRDA:14,3,1,0
BRDA:14,4,0,0
BRDA:14,4,1,0
BRDA:22,5,0,0
BRDA:22,5,1,0
BRDA:22,6,0,0
BRDA:22,6,1,0
BRDA:28,7,0,6
BRDA:28,7,1,0
BRDA:35,8,0,0
BRDA:35,8,1,0
BRDA:35,9,0,0
BRDA:35,9,1,0
BRDA:43,10,0,0
BRDA:43,10,1,0
BRDA:43,11,0,0
BRDA:43,11,1,0
BRDA:50,12,0,0
BRDA:50,12,1,0
BRDA:57,13,0,0
BRDA:57,13,1,0
BRDA:65,14,0,0
BRDA:65,14,1,0
BRDA:66,15,0,0
BRDA:66,15,1,0
BRDA:74,16,0,0
BRDA:79,17,0,0
BRDA:79,17,1,0
BRDA:88,18,0,0
BRDA:93,19,0,6
BRDA:93,19,1,0
BRF:39
BRH:3
end_of_record
TN:
SF:D:\W\garnishment\garnishment\src\app\sample\TestBtn.js
FN:3,(anonymous_0)
FN:6,(anonymous_1)
FN:9,(anonymous_2)
FNF:3
FNH:3
FNDA:3,(anonymous_0)
FNDA:6,(anonymous_1)
FNDA:3,(anonymous_2)
DA:4,3
DA:7,6
DA:9,3
LF:3
LH:3
BRF:0
BRH:0
end_of_record
TN:
SF:D:\W\garnishment\garnishment\src\app\sample\sum.js
FN:1,sum
FNF:1
FNH:1
FNDA:2,sum
DA:2,2
DA:4,1
LF:2
LH:2
BRF:0
BRH:0
end_of_record
TN:
SF:D:\W\garnishment\garnishment\src\base\config\appReducer.js
FNF:0
FNH:0
DA:5,1
LF:1
LH:1
BRF:0
BRH:0
end_of_record
TN:
SF:D:\W\garnishment\garnishment\src\base\config\initialState.js
FNF:0
FNH:0
LF:0
LH:0
BRF:0
BRH:0
end_of_record
TN:
SF:D:\W\garnishment\garnishment\src\base\constants\ActionTypes.js
FNF:0
FNH:0
DA:1,5
DA:2,5
DA:3,5
DA:4,5
DA:5,5
LF:5
LH:5
BRF:0
BRH:0
end_of_record
TN:
SF:D:\W\garnishment\garnishment\src\base\constants\ServiceUrls.js
FNF:0
FNH:0
DA:1,4
DA:2,4
DA:3,4
DA:4,4
DA:5,4
DA:6,4
LF:6
LH:6
BRF:0
BRH:0
end_of_record
TN:
SF:D:\W\garnishment\garnishment\uitests\utils\shallowWithStore.jsx
FN:4,(anonymous_0)
FNF:1
FNH:0
FNDA:0,(anonymous_0)
DA:4,1
DA:5,0
DA:8,0
LF:3
LH:1
BRF:0
BRH:0
end_of_record
